  kioku.cpp
c:\DxLib_VC\プロジェクトに追加すべきファイル_VC用\DxLib.h(3344,1): warning C4819: ファイルは、現在のコード ページ (932) で表示できない文字を含んでいます。データの損失を防ぐために、ファイルを Unicode 形式で保存してください。
C:\VisualStudio\kioku\kioku.cpp(132,12): warning C4101: 't': ローカル変数は 1 度も使われていません。
C:\VisualStudio\kioku\kioku.cpp(605,38): warning C4244: '引数': 'double' から 'int' への変換です。データが失われる可能性があります。
C:\VisualStudio\kioku\kioku.cpp(605,32): warning C4244: '引数': 'double' から 'int' への変換です。データが失われる可能性があります。
C:\VisualStudio\kioku\kioku.cpp(606,39): warning C4244: '引数': 'double' から 'int' への変換です。データが失われる可能性があります。
C:\VisualStudio\kioku\kioku.cpp(606,33): warning C4244: '引数': 'double' から 'int' への変換です。データが失われる可能性があります。
C:\VisualStudio\kioku\kioku.cpp(658,38): warning C4244: '引数': 'double' から 'int' への変換です。データが失われる可能性があります。
C:\VisualStudio\kioku\kioku.cpp(658,32): warning C4244: '引数': 'double' から 'int' への変換です。データが失われる可能性があります。
C:\VisualStudio\kioku\kioku.cpp(659,39): warning C4244: '引数': 'double' から 'int' への変換です。データが失われる可能性があります。
C:\VisualStudio\kioku\kioku.cpp(659,33): warning C4244: '引数': 'double' から 'int' への変換です。データが失われる可能性があります。
C:\VisualStudio\kioku\kioku.cpp(675,46): warning C4244: '引数': 'double' から 'int' への変換です。データが失われる可能性があります。
C:\VisualStudio\kioku\kioku.cpp(683,47): warning C4244: '引数': 'double' から 'int' への変換です。データが失われる可能性があります。
C:\VisualStudio\kioku\kioku.cpp(691,46): warning C4244: '引数': 'double' から 'int' への変換です。データが失われる可能性があります。
C:\VisualStudio\kioku\kioku.cpp(699,47): warning C4244: '引数': 'double' から 'int' への変換です。データが失われる可能性があります。
C:\VisualStudio\kioku\kioku.cpp(831,30): warning C4244: '引数': 'double' から 'int' への変換です。データが失われる可能性があります。
C:\VisualStudio\kioku\kioku.cpp(831,24): warning C4244: '引数': 'double' から 'int' への変換です。データが失われる可能性があります。
C:\VisualStudio\kioku\kioku.cpp(832,31): warning C4244: '引数': 'double' から 'int' への変換です。データが失われる可能性があります。
C:\VisualStudio\kioku\kioku.cpp(832,25): warning C4244: '引数': 'double' から 'int' への変換です。データが失われる可能性があります。
  コード生成しています。
  0 of 21 functions ( 0.0%) were compiled, the rest were copied from previous compilation.
    0 functions were new in current compilation
    0 functions had inline decision re-evaluated but remain unchanged
  コード生成が終了しました。
  kioku.vcxproj -> C:\VisualStudio\kioku\x64\Release\kioku.exe
